<html>
<body>
<pre>
<h1>µVision Build Log</h1>
<h2>Project:</h2>
C:\Users\vomi\source\repos\VSY\4_test_reakceB\f303rc_asm_simple_example.uvproj
Project File Date:  11/13/2021

<h2>Output:</h2>
Build target 'f303rc'
assembling led_example.s...
led_example.s(1709): error: A1108E: Multiply defined symbol 'TRY_TEST_LENGTH_MAX'
led_example.s(1747): error: A1477E: This register combination results in UNPREDICTABLE behaviour
".\f303rc_asm_simple_example.axf" - 2 Error(s), 0 Warning(s).
Target not created
</pre>
</body>
</html>
tiply defined symbol 'TRY_TEST_LENGTH_MAX'
led_example.s(1747): error: A1477E: This register combination results in UNPREDICTABLE behaviour
".\f303rc_asm_simple_example.axf" - 3 Error(s), 2 Warning(s).
Target not created
ror(s), 0 Warning(s).
not created
ble it within 4KB
led_example.s:     at line 49 in macro load_address in 'led_example.s'
led_example.s: 
led_example.s:     at line 102 in macro time_elapsed in 'led_example.s'
led_example.s: 
".\f303rc_asm_simple_example.axf" - 4 Error(s), 0 Warning(s).
Target not created
l
led_example.s:     at line 23 in macro call1 in 'led_example.s'
led_example.s: 
led_example.s(456): error: A1516E: Bad symbol 'BTN_left', not defined or external
led_example.s:     at line 23 in macro call1 in 'led_example.s'
led_example.s: 
led_example.s(462): error: A1516E: Bad symbol 'BTN_left', not defined or external
".\f303rc_asm_simple_example.axf" - 7 Error(s), 1 Warning(s).
Target not created
Bad symbol 'BTN_left', not defined or external
led_example.s:     at line 23 in macro call1 in 'led_example.s'
led_example.s: 
led_example.s(460): error: A1516E: Bad symbol 'BTN_left', not defined or external
".\f303rc_asm_simple_example.axf" - 9 Error(s), 0 Warning(s).
Target not created
example.s:     at line 24 in macro call1 in 'led_example.s'
led_example.s: 
led_example.s(344): error: A1914E: Expected expression
led_example.s:     at line 23 in macro call1 in 'led_example.s'
led_example.s: 
led_example.s(344): error: A1137E: Unexpected characters at end of line
led_example.s:     at line 24 in macro call1 in 'led_example.s'
led_example.s: 
led_example.s(358): error: A1914E: Expected expression
led_example.s:     at line 23 in macro call1 in 'led_example.s'
led_example.s: 
led_example.s(358): error: A1137E: Unexpected characters at end of line
led_example.s:     at line 24 in macro call1 in 'led_example.s'
led_example.s: 
led_example.s(553): error: A1163E: Unknown opcode store_addess , expecting opcode or Macro
led_example.s(571): warning: A1865W: '#' not seen before constant expression
led_example.s(592): error: A1785E: Macro 'swap_regs,' not found, but 'swap_regs' exists
"led_example.s" - 8 Error(s), 1 Warning(s).
assembling led_example.s...
led_example.s(315): error: A1914E: Expected expression
led_example.s:     at line 23 in macro call1 in 'led_example.s'
led_example.s: 
led_example.s(315): error: A1137E: Unexpected characters at end of line
led_example.s:     at line 24 in macro call1 in 'led_example.s'
led_example.s: 
led_example.s(344): error: A1914E: Expected expression
led_example.s:     at line 23 in macro call1 in 'led_example.s'
led_example.s: 
led_example.s(344): error: A1137E: Unexpected characters at end of line
led_example.s:     at line 24 in macro call1 in 'led_example.s'
led_example.s: 
led_example.s(358): error: A1914E: Expected expression
led_example.s:     at line 23 in macro call1 in 'led_example.s'
led_example.s: 
led_example.s(358): error: A1137E: Unexpected characters at end of line
led_example.s:     at line 24 in macro call1 in 'led_example.s'
led_example.s: 
led_example.s(592): error: A1785E: Macro 'swap_regs,' not found, but 'swap_regs' exists
"led_example.s" - 7 Error(s), 0 Warning(s).
assembling led_example.s...
led_example.s(344): error: A1914E: Expected expression
led_example.s:     at line 23 in macro call1 in 'led_example.s'
led_example.s: 
led_example.s(344): error: A1137E: Unexpected characters at end of line
led_example.s:     at line 24 in macro call1 in 'led_example.s'
led_example.s: 
led_example.s(358): error: A1914E: Expected expression
led_example.s:     at line 23 in macro call1 in 'led_example.s'
led_example.s: 
led_example.s(358): error: A1137E: Unexpected characters at end of line
led_example.s:     at line 24 in macro call1 in 'led_example.s'
led_example.s: 
led_example.s(592): error: A1785E: Macro 'swap_regs,' not found, but 'swap_regs' exists
"led_example.s" - 5 Error(s), 0 Warning(s).
assembling led_example.s...
led_example.s(358): error: A1914E: Expected expression
led_example.s:     at line 23 in macro call1 in 'led_example.s'
led_example.s: 
led_example.s(358): error: A1137E: Unexpected characters at end of line
led_example.s:     at line 24 in macro call1 in 'led_example.s'
led_example.s: 
led_example.s(592): error: A1785E: Macro 'swap_regs,' not found, but 'swap_regs' exists
"led_example.s" - 3 Error(s), 0 Warning(s).
assembling led_example.s...
led_example.s(592): error: A1785E: Macro 'swap_regs,' not found, but 'swap_regs' exists
"led_example.s" - 1 Error(s), 0 Warning(s).
assembling led_example.s...
led_example.s(275): warning: A1581W: Added 1 bytes of padding at address 0xff
led_example.s:     at line 135 in macro zero_address in 'led_example.s'
led_example.s: 
led_example.s(296): error: A1516E: Bad symbol 'right_led_on', not defined or external
led_example.s:     at line 49 in macro load_address in 'led_example.s'
led_example.s: 
led_example.s(299): error: A1516E: Bad symbol 'left_led_on', not defined or external
led_example.s:     at line 49 in macro load_address in 'led_example.s'
led_example.s: 
led_example.s(341): error: A1516E: Bad symbol 'left_led_on', not defined or external
led_example.s:     at line 66 in macro toggle_bits in 'led_example.s'
led_example.s: 
led_example.s(344): error: A1516E: Bad symbol 'STATE_HANDLE_BEFORE_TEST', not defined or external
led_example.s:     at line 23 in macro call1 in 'led_example.s'
led_example.s: 
led_example.s(403): error: A1516E: Bad symbol 'left_led_on', not defined or external
led_example.s:     at line 57 in macro store_address in 'led_example.s'
led_example.s: 
led_example.s:     at line 137 in macro zero_address in 'led_example.s'
led_example.s: 
led_example.s(404): error: A1516E: Bad symbol 'right_led_on', not defined or external
led_example.s:     at line 57 in macro store_address in 'led_example.s'
led_example.s: 
led_example.s:     at line 137 in macro zero_address in 'led_example.s'
led_example.s: 
led_example.s(407): error: A1516E: Bad symbol 'left_led_on', not defined or external
led_example.s(408): error: A1516E: Bad symbol 'right_led_on', not defined or external
led_example.s(416): error: A1516E: Bad symbol 'STATE_PREPARATION', not defined or external
led_example.s:     at line 23 in macro call1 in 'led_example.s'
led_example.s: 
led_example.s(417): error: A1516E: Bad symbol 'CONTROL_LED_PIN', not defined or external
led_example.s(515): error: A1516E: Bad symbol 'SystemTicks', not defined or external
led_example.s:     at line 49 in macro load_address in 'led_example.s'
led_example.s: 
led_example.s(562): error: A1516E: Bad symbol 'printf_result', not defined or external
"led_example.s" - 12 Error(s), 1 Warning(s).
assembling led_example.s...
led_example.s(275): warning: A1581W: Added 1 bytes of padding at address 0xff
led_example.s:     at line 135 in macro zero_address in 'led_example.s'
led_example.s: 
led_example.s(296): error: A1516E: Bad symbol 'right_led_on', not defined or external
led_example.s:     at line 49 in macro load_address in 'led_example.s'
led_example.s: 
led_example.s(299): error: A1516E: Bad symbol 'left_led_on', not defined or external
led_example.s:     at line 49 in macro load_address in 'led_example.s'
led_example.s: 
led_example.s(341): error: A1516E: Bad symbol 'left_led_on', not defined or external
led_example.s:     at line 66 in macro toggle_bits in 'led_example.s'
led_example.s: 
led_example.s(406): error: A1516E: Bad symbol 'left_led_on', not defined or external
led_example.s(407): error: A1516E: Bad symbol 'right_led_on', not defined or external
led_example.s(415): error: A1516E: Bad symbol 'STATE_PREPARATION', not defined or external
led_example.s:     at line 23 in macro call1 in 'led_example.s'
led_example.s: 
led_example.s(416): error: A1516E: Bad symbol 'CONTROL_LED_PIN', not defined or external
led_example.s(514): error: A1516E: Bad symbol 'SystemTicks', not defined or external
led_example.s:     at line 49 in macro load_address in 'led_example.s'
led_example.s: 
led_example.s(561): error: A1516E: Bad symbol 'printf_result', not defined or external
"led_example.s" - 9 Error(s), 1 Warning(s).
assembling led_example.s...
led_example.s(275): warning: A1581W: Added 1 bytes of padding at address 0xff
led_example.s:     at line 135 in macro zero_address in 'led_example.s'
led_example.s: 
led_example.s(295): error: A1516E: Bad symbol 'led_mask_on', not defined or external
led_example.s:     at line 49 in macro load_address in 'led_example.s'
led_example.s: 
led_example.s(344): error: A1516E: Bad symbol 'left_led_on', not defined or external
led_example.s:     at line 66 in macro toggle_bits in 'led_example.s'
led_example.s: 
led_example.s(409): error: A1516E: Bad symbol 'left_led_on', not defined or external
led_example.s(410): error: A1516E: Bad symbol 'right_led_on', not defined or external
led_example.s(418): error: A1516E: Bad symbol 'STATE_PREPARATION', not defined or external
led_example.s:     at line 23 in macro call1 in 'led_example.s'
led_example.s: 
led_example.s(419): error: A1516E: Bad symbol 'CONTROL_LED_PIN', not defined or external
led_example.s(517): error: A1516E: Bad symbol 'SystemTicks', not defined or external
led_example.s:     at line 49 in macro load_address in 'led_example.s'
led_example.s: 
led_example.s(564): error: A1516E: Bad symbol 'printf_result', not defined or external
"led_example.s" - 8 Error(s), 1 Warning(s).
assembling led_example.s...
led_example.s(275): warning: A1581W: Added 1 bytes of padding at address 0xff
led_example.s:     at line 135 in macro zero_address in 'led_example.s'
led_example.s: 
led_example.s(409): error: A1516E: Bad symbol 'left_led_on', not defined or external
led_example.s(410): error: A1516E: Bad symbol 'right_led_on', not defined or external
led_example.s(418): error: A1516E: Bad symbol 'STATE_PREPARATION', not defined or external
led_example.s:     at line 23 in macro call1 in 'led_example.s'
led_example.s: 
led_example.s(419): error: A1516E: Bad symbol 'CONTROL_LED_PIN', not defined or external
led_example.s(517): error: A1516E: Bad symbol 'SystemTicks', not defined or external
led_example.s:     at line 49 in macro load_address in 'led_example.s'
led_example.s: 
led_example.s(564): error: A1516E: Bad symbol 'printf_result', not defined or external
"led_example.s" - 6 Error(s), 1 Warning(s).
assembling led_example.s...
led_example.s(275): warning: A1581W: Added 1 bytes of padding at address 0xff
led_example.s:     at line 135 in macro zero_address in 'led_example.s'
led_example.s: 
led_example.s(411): error: A1516E: Bad symbol 'STATE_PREPARATION', not defined or external
led_example.s:     at line 23 in macro call1 in 'led_example.s'
led_example.s: 
led_example.s(412): error: A1516E: Bad symbol 'CONTROL_LED_PIN', not defined or external
led_example.s(510): error: A1516E: Bad symbol 'SystemTicks', not defined or external
led_example.s:     at line 49 in macro load_address in 'led_example.s'
led_example.s: 
led_example.s(557): error: A1516E: Bad symbol 'printf_result', not defined or external
"led_example.s" - 4 Error(s), 1 Warning(s).
assembling led_example.s...
led_example.s(275): warning: A1581W: Added 1 bytes of padding at address 0xff
led_example.s:     at line 135 in macro zero_address in 'led_example.s'
led_example.s: 
led_example.s(508): error: A1516E: Bad symbol 'SystemTicks', not defined or external
led_example.s:     at line 49 in macro load_address in 'led_example.s'
led_example.s: 
led_example.s(555): error: A1516E: Bad symbol 'printf_result', not defined or external
"led_example.s" - 2 Error(s), 1 Warning(s).
assembling led_example.s...
led_example.s(275): warning: A1581W: Added 1 bytes of padding at address 0xff
led_example.s:     at line 135 in macro zero_address in 'led_example.s'
led_example.s: 
led_example.s(555): error: A1516E: Bad symbol 'printf_result', not defined or external
"led_example.s" - 1 Error(s), 1 Warning(s).
assembling led_example.s...
led_example.s(275): warning: A1581W: Added 1 bytes of padding at address 0xff
led_example.s:     at line 135 in macro zero_address in 'led_example.s'
led_example.s: 
"led_example.s" - 0 Error(s), 1 Warning(s).
